{
  "0 debug pnpm:scope": {
    "selected": 1
  },
  "1 debug pnpm:package-manifest": {
    "initial": {
      "name": "client",
      "version": "0.0.1",
      "scripts": {
        "dev": "svelte-kit dev",
        "build": "svelte-kit build",
        "package": "svelte-kit package",
        "preview": "svelte-kit preview",
        "prepare": "svelte-kit sync",
        "check": "svelte-check --tsconfig ./tsconfig.json",
        "check:watch": "svelte-check --tsconfig ./tsconfig.json --watch",
        "lint": "prettier --ignore-path .gitignore --check --plugin-search-dir=. . && eslint --ignore-path .gitignore .",
        "format": "prettier --ignore-path .gitignore --write --plugin-search-dir=. ."
      },
      "devDependencies": {
        "@sveltejs/adapter-auto": "^1.0.0-next.33",
        "@sveltejs/kit": "next",
        "@types/cookie": "^0.4.1",
        "@typescript-eslint/eslint-plugin": "^5.10.1",
        "@typescript-eslint/parser": "^5.10.1",
        "autoprefixer": "^10.4.4",
        "eslint": "^7.32.0",
        "eslint-config-prettier": "^8.3.0",
        "eslint-plugin-svelte3": "^3.2.1",
        "postcss": "^8.4.12",
        "prettier": "^2.5.1",
        "prettier-plugin-svelte": "^2.5.0",
        "svelte": "^3.46.0",
        "svelte-calendar": "^3.1.6",
        "svelte-check": "^2.2.6",
        "svelte-preprocess": "^4.10.1",
        "tailwindcss": "^3.0.23",
        "tslib": "^2.3.1",
        "typescript": "~4.6.2"
      },
      "type": "module",
      "dependencies": {
        "@fontsource/fira-mono": "^4.5.0",
        "@lukeed/uuid": "^2.0.0",
        "@supabase/supabase-js": "^1.33.2",
        "cookie": "^0.4.1",
        "daisyui": "^2.13.4",
        "jsonwebtoken": "^8.5.1"
      }
    },
    "prefix": "/mnt/c/Users/alexe/Documents/GitProjects/seniorproject/client"
  },
  "2 debug pnpm:context": {
    "currentLockfileExists": false,
    "storeDir": "/mnt/c/Users/alexe/.pnpm-store/v3",
    "virtualStoreDir": "/mnt/c/Users/alexe/Documents/GitProjects/seniorproject/client/node_modules/.pnpm"
  },
  "3 debug pnpm:stage": {
    "prefix": "/mnt/c/Users/alexe/Documents/GitProjects/seniorproject/client",
    "stage": "resolution_started"
  },
  "4 debug pnpm:_dependency_resolved": {
    "resolution": "registry.npmjs.org/@sveltejs/adapter-auto/1.0.0-next.33",
    "wanted": {
      "dependentId": ".",
      "name": "@sveltejs/adapter-auto",
      "rawSpec": "^1.0.0-next.33"
    }
  },
  "5 debug pnpm:_dependency_resolved": {
    "resolution": "registry.npmjs.org/@types/cookie/0.4.1",
    "wanted": {
      "dependentId": ".",
      "name": "@types/cookie",
      "rawSpec": "^0.4.1"
    }
  },
  "6 debug pnpm:_dependency_resolved": {
    "resolution": "registry.npmjs.org/@typescript-eslint/eslint-plugin/5.17.0",
    "wanted": {
      "dependentId": ".",
      "name": "@typescript-eslint/eslint-plugin",
      "rawSpec": "^5.10.1"
    }
  },
  "7 debug pnpm:_dependency_resolved": {
    "resolution": "registry.npmjs.org/@typescript-eslint/parser/5.17.0",
    "wanted": {
      "dependentId": ".",
      "name": "@typescript-eslint/parser",
      "rawSpec": "^5.10.1"
    }
  },
  "8 debug pnpm:_dependency_resolved": {
    "resolution": "registry.npmjs.org/autoprefixer/10.4.4",
    "wanted": {
      "dependentId": ".",
      "name": "autoprefixer",
      "rawSpec": "^10.4.4"
    }
  },
  "9 debug pnpm:_dependency_resolved": {
    "resolution": "registry.npmjs.org/eslint/7.32.0",
    "wanted": {
      "dependentId": ".",
      "name": "eslint",
      "rawSpec": "^7.32.0"
    }
  },
  "10 debug pnpm:_dependency_resolved": {
    "resolution": "registry.npmjs.org/eslint-config-prettier/8.5.0",
    "wanted": {
      "dependentId": ".",
      "name": "eslint-config-prettier",
      "rawSpec": "^8.3.0"
    }
  },
  "11 debug pnpm:_dependency_resolved": {
    "resolution": "registry.npmjs.org/eslint-plugin-svelte3/3.4.1",
    "wanted": {
      "dependentId": ".",
      "name": "eslint-plugin-svelte3",
      "rawSpec": "^3.2.1"
    }
  },
  "12 debug pnpm:_dependency_resolved": {
    "resolution": "registry.npmjs.org/postcss/8.4.12",
    "wanted": {
      "dependentId": ".",
      "name": "postcss",
      "rawSpec": "^8.4.12"
    }
  },
  "13 debug pnpm:_dependency_resolved": {
    "resolution": "registry.npmjs.org/prettier/2.6.1",
    "wanted": {
      "dependentId": ".",
      "name": "prettier",
      "rawSpec": "^2.5.1"
    }
  },
  "14 debug pnpm:_dependency_resolved": {
    "resolution": "registry.npmjs.org/prettier-plugin-svelte/2.6.0",
    "wanted": {
      "dependentId": ".",
      "name": "prettier-plugin-svelte",
      "rawSpec": "^2.5.0"
    }
  },
  "15 debug pnpm:_dependency_resolved": {
    "resolution": "registry.npmjs.org/svelte/3.46.6",
    "wanted": {
      "dependentId": ".",
      "name": "svelte",
      "rawSpec": "^3.46.0"
    }
  },
  "16 debug pnpm:_dependency_resolved": {
    "resolution": "registry.npmjs.org/svelte-check/2.4.6",
    "wanted": {
      "dependentId": ".",
      "name": "svelte-check",
      "rawSpec": "^2.2.6"
    }
  },
  "17 debug pnpm:_dependency_resolved": {
    "resolution": "registry.npmjs.org/svelte-preprocess/4.10.4",
    "wanted": {
      "dependentId": ".",
      "name": "svelte-preprocess",
      "rawSpec": "^4.10.1"
    }
  },
  "18 debug pnpm:_dependency_resolved": {
    "resolution": "registry.npmjs.org/tailwindcss/3.0.23",
    "wanted": {
      "dependentId": ".",
      "name": "tailwindcss",
      "rawSpec": "^3.0.23"
    }
  },
  "19 debug pnpm:_dependency_resolved": {
    "resolution": "registry.npmjs.org/tslib/2.3.1",
    "wanted": {
      "dependentId": ".",
      "name": "tslib",
      "rawSpec": "^2.3.1"
    }
  },
  "20 debug pnpm:_dependency_resolved": {
    "resolution": "registry.npmjs.org/typescript/4.6.3",
    "wanted": {
      "dependentId": ".",
      "name": "typescript",
      "rawSpec": "~4.6.2"
    }
  },
  "21 debug pnpm:_dependency_resolved": {
    "resolution": "registry.npmjs.org/@fontsource/fira-mono/4.5.7",
    "wanted": {
      "dependentId": ".",
      "name": "@fontsource/fira-mono",
      "rawSpec": "^4.5.0"
    }
  },
  "22 debug pnpm:_dependency_resolved": {
    "resolution": "registry.npmjs.org/@lukeed/uuid/2.0.0",
    "wanted": {
      "dependentId": ".",
      "name": "@lukeed/uuid",
      "rawSpec": "^2.0.0"
    }
  },
  "23 debug pnpm:_dependency_resolved": {
    "resolution": "registry.npmjs.org/@supabase/supabase-js/1.33.2",
    "wanted": {
      "dependentId": ".",
      "name": "@supabase/supabase-js",
      "rawSpec": "^1.33.2"
    }
  },
  "24 debug pnpm:_dependency_resolved": {
    "resolution": "registry.npmjs.org/cookie/0.4.2",
    "wanted": {
      "dependentId": ".",
      "name": "cookie",
      "rawSpec": "^0.4.1"
    }
  },
  "25 debug pnpm:_dependency_resolved": {
    "resolution": "registry.npmjs.org/daisyui/2.13.4",
    "wanted": {
      "dependentId": ".",
      "name": "daisyui",
      "rawSpec": "^2.13.4"
    }
  },
  "26 debug pnpm:_dependency_resolved": {
    "resolution": "registry.npmjs.org/jsonwebtoken/8.5.1",
    "wanted": {
      "dependentId": ".",
      "name": "jsonwebtoken",
      "rawSpec": "^8.5.1"
    }
  },
  "27 debug pnpm:progress": {
    "packageId": "registry.npmjs.org/@sveltejs/adapter-auto/1.0.0-next.33",
    "requester": "/mnt/c/Users/alexe/Documents/GitProjects/seniorproject/client",
    "status": "found_in_store"
  },
  "28 debug pnpm:progress": {
    "packageId": "registry.npmjs.org/@sveltejs/adapter-auto/1.0.0-next.33",
    "requester": "/mnt/c/Users/alexe/Documents/GitProjects/seniorproject/client",
    "status": "resolved"
  },
  "29 debug pnpm:progress": {
    "packageId": "registry.npmjs.org/@typescript-eslint/parser/5.17.0",
    "requester": "/mnt/c/Users/alexe/Documents/GitProjects/seniorproject/client",
    "status": "found_in_store"
  },
  "30 debug pnpm:progress": {
    "packageId": "registry.npmjs.org/@typescript-eslint/parser/5.17.0",
    "requester": "/mnt/c/Users/alexe/Documents/GitProjects/seniorproject/client",
    "status": "resolved"
  },
  "31 debug pnpm:progress": {
    "packageId": "registry.npmjs.org/eslint-plugin-svelte3/3.4.1",
    "requester": "/mnt/c/Users/alexe/Documents/GitProjects/seniorproject/client",
    "status": "found_in_store"
  },
  "32 debug pnpm:progress": {
    "packageId": "registry.npmjs.org/eslint-plugin-svelte3/3.4.1",
    "requester": "/mnt/c/Users/alexe/Documents/GitProjects/seniorproject/client",
    "status": "resolved"
  },
  "33 debug pnpm:_dependency_resolved": {
    "resolution": "registry.npmjs.org/bcrypt/5.0.1",
    "wanted": {
      "dependentId": ".",
      "name": "bcrypt",
      "rawSpec": "latest"
    }
  },
  "34 debug pnpm:progress": {
    "packageId": "registry.npmjs.org/bcrypt/5.0.1",
    "requester": "/mnt/c/Users/alexe/Documents/GitProjects/seniorproject/client",
    "status": "resolved"
  },
  "35 debug pnpm:progress": {
    "packageId": "registry.npmjs.org/@typescript-eslint/eslint-plugin/5.17.0",
    "requester": "/mnt/c/Users/alexe/Documents/GitProjects/seniorproject/client",
    "status": "found_in_store"
  },
  "36 debug pnpm:progress": {
    "packageId": "registry.npmjs.org/@typescript-eslint/eslint-plugin/5.17.0",
    "requester": "/mnt/c/Users/alexe/Documents/GitProjects/seniorproject/client",
    "status": "resolved"
  },
  "37 debug pnpm:progress": {
    "packageId": "registry.npmjs.org/eslint-config-prettier/8.5.0",
    "requester": "/mnt/c/Users/alexe/Documents/GitProjects/seniorproject/client",
    "status": "found_in_store"
  },
  "38 debug pnpm:progress": {
    "packageId": "registry.npmjs.org/eslint-config-prettier/8.5.0",
    "requester": "/mnt/c/Users/alexe/Documents/GitProjects/seniorproject/client",
    "status": "resolved"
  },
  "39 debug pnpm:progress": {
    "packageId": "registry.npmjs.org/autoprefixer/10.4.4",
    "requester": "/mnt/c/Users/alexe/Documents/GitProjects/seniorproject/client",
    "status": "found_in_store"
  },
  "40 debug pnpm:progress": {
    "packageId": "registry.npmjs.org/autoprefixer/10.4.4",
    "requester": "/mnt/c/Users/alexe/Documents/GitProjects/seniorproject/client",
    "status": "resolved"
  },
  "41 debug pnpm:fetching-progress": {
    "attempt": 1,
    "packageId": "registry.npmjs.org/bcrypt/5.0.1",
    "size": 33730,
    "status": "started"
  },
  "42 debug pnpm:update-check": {
    "currentVersion": "6.32.3",
    "latestVersion": "7.1.7"
  },
  "43 debug pnpm:progress": {
    "packageId": "registry.npmjs.org/eslint/7.32.0",
    "requester": "/mnt/c/Users/alexe/Documents/GitProjects/seniorproject/client",
    "status": "found_in_store"
  },
  "44 debug pnpm:progress": {
    "packageId": "registry.npmjs.org/eslint/7.32.0",
    "requester": "/mnt/c/Users/alexe/Documents/GitProjects/seniorproject/client",
    "status": "resolved"
  },
  "45 debug pnpm:progress": {
    "packageId": "registry.npmjs.org/prettier-plugin-svelte/2.6.0",
    "requester": "/mnt/c/Users/alexe/Documents/GitProjects/seniorproject/client",
    "status": "found_in_store"
  },
  "46 debug pnpm:progress": {
    "packageId": "registry.npmjs.org/prettier-plugin-svelte/2.6.0",
    "requester": "/mnt/c/Users/alexe/Documents/GitProjects/seniorproject/client",
    "status": "resolved"
  },
  "47 debug pnpm:progress": {
    "packageId": "registry.npmjs.org/prettier/2.6.1",
    "requester": "/mnt/c/Users/alexe/Documents/GitProjects/seniorproject/client",
    "status": "found_in_store"
  },
  "48 debug pnpm:progress": {
    "packageId": "registry.npmjs.org/prettier/2.6.1",
    "requester": "/mnt/c/Users/alexe/Documents/GitProjects/seniorproject/client",
    "status": "resolved"
  },
  "49 debug pnpm:progress": {
    "packageId": "registry.npmjs.org/postcss/8.4.12",
    "requester": "/mnt/c/Users/alexe/Documents/GitProjects/seniorproject/client",
    "status": "found_in_store"
  },
  "50 debug pnpm:progress": {
    "packageId": "registry.npmjs.org/postcss/8.4.12",
    "requester": "/mnt/c/Users/alexe/Documents/GitProjects/seniorproject/client",
    "status": "resolved"
  },
  "51 debug pnpm:progress": {
    "packageId": "registry.npmjs.org/svelte-check/2.4.6",
    "requester": "/mnt/c/Users/alexe/Documents/GitProjects/seniorproject/client",
    "status": "found_in_store"
  },
  "52 debug pnpm:progress": {
    "packageId": "registry.npmjs.org/svelte-check/2.4.6",
    "requester": "/mnt/c/Users/alexe/Documents/GitProjects/seniorproject/client",
    "status": "resolved"
  },
  "53 debug pnpm:progress": {
    "packageId": "registry.npmjs.org/svelte-preprocess/4.10.4",
    "requester": "/mnt/c/Users/alexe/Documents/GitProjects/seniorproject/client",
    "status": "found_in_store"
  },
  "54 debug pnpm:progress": {
    "packageId": "registry.npmjs.org/svelte-preprocess/4.10.4",
    "requester": "/mnt/c/Users/alexe/Documents/GitProjects/seniorproject/client",
    "status": "resolved"
  },
  "55 debug pnpm:progress": {
    "packageId": "registry.npmjs.org/tslib/2.3.1",
    "requester": "/mnt/c/Users/alexe/Documents/GitProjects/seniorproject/client",
    "status": "found_in_store"
  },
  "56 debug pnpm:progress": {
    "packageId": "registry.npmjs.org/tslib/2.3.1",
    "requester": "/mnt/c/Users/alexe/Documents/GitProjects/seniorproject/client",
    "status": "resolved"
  },
  "57 debug pnpm:progress": {
    "packageId": "registry.npmjs.org/@lukeed/uuid/2.0.0",
    "requester": "/mnt/c/Users/alexe/Documents/GitProjects/seniorproject/client",
    "status": "found_in_store"
  },
  "58 debug pnpm:progress": {
    "packageId": "registry.npmjs.org/@lukeed/uuid/2.0.0",
    "requester": "/mnt/c/Users/alexe/Documents/GitProjects/seniorproject/client",
    "status": "resolved"
  },
  "59 debug pnpm:progress": {
    "packageId": "registry.npmjs.org/tailwindcss/3.0.23",
    "requester": "/mnt/c/Users/alexe/Documents/GitProjects/seniorproject/client",
    "status": "found_in_store"
  },
  "60 debug pnpm:progress": {
    "packageId": "registry.npmjs.org/tailwindcss/3.0.23",
    "requester": "/mnt/c/Users/alexe/Documents/GitProjects/seniorproject/client",
    "status": "resolved"
  },
  "61 debug pnpm:progress": {
    "packageId": "registry.npmjs.org/bcrypt/5.0.1",
    "requester": "/mnt/c/Users/alexe/Documents/GitProjects/seniorproject/client",
    "status": "fetched"
  },
  "62 debug pnpm:progress": {
    "packageId": "registry.npmjs.org/@fontsource/fira-mono/4.5.7",
    "requester": "/mnt/c/Users/alexe/Documents/GitProjects/seniorproject/client",
    "status": "found_in_store"
  },
  "63 debug pnpm:progress": {
    "packageId": "registry.npmjs.org/@fontsource/fira-mono/4.5.7",
    "requester": "/mnt/c/Users/alexe/Documents/GitProjects/seniorproject/client",
    "status": "resolved"
  },
  "64 debug pnpm:progress": {
    "packageId": "registry.npmjs.org/@supabase/supabase-js/1.33.2",
    "requester": "/mnt/c/Users/alexe/Documents/GitProjects/seniorproject/client",
    "status": "found_in_store"
  },
  "65 debug pnpm:progress": {
    "packageId": "registry.npmjs.org/@supabase/supabase-js/1.33.2",
    "requester": "/mnt/c/Users/alexe/Documents/GitProjects/seniorproject/client",
    "status": "resolved"
  },
  "66 debug pnpm:_dependency_resolved": {
    "resolution": "registry.npmjs.org/svelte-calendar/3.1.6",
    "wanted": {
      "dependentId": ".",
      "name": "svelte-calendar",
      "rawSpec": "^3.1.6"
    }
  },
  "67 debug pnpm:progress": {
    "packageId": "registry.npmjs.org/svelte-calendar/3.1.6",
    "requester": "/mnt/c/Users/alexe/Documents/GitProjects/seniorproject/client",
    "status": "resolved"
  },
  "68 debug pnpm:progress": {
    "packageId": "registry.npmjs.org/typescript/4.6.3",
    "requester": "/mnt/c/Users/alexe/Documents/GitProjects/seniorproject/client",
    "status": "found_in_store"
  },
  "69 debug pnpm:progress": {
    "packageId": "registry.npmjs.org/typescript/4.6.3",
    "requester": "/mnt/c/Users/alexe/Documents/GitProjects/seniorproject/client",
    "status": "resolved"
  },
  "70 debug pnpm:progress": {
    "packageId": "registry.npmjs.org/svelte/3.46.6",
    "requester": "/mnt/c/Users/alexe/Documents/GitProjects/seniorproject/client",
    "status": "found_in_store"
  },
  "71 debug pnpm:progress": {
    "packageId": "registry.npmjs.org/svelte/3.46.6",
    "requester": "/mnt/c/Users/alexe/Documents/GitProjects/seniorproject/client",
    "status": "resolved"
  },
  "72 debug pnpm:progress": {
    "packageId": "registry.npmjs.org/cookie/0.4.2",
    "requester": "/mnt/c/Users/alexe/Documents/GitProjects/seniorproject/client",
    "status": "found_in_store"
  },
  "73 debug pnpm:progress": {
    "packageId": "registry.npmjs.org/cookie/0.4.2",
    "requester": "/mnt/c/Users/alexe/Documents/GitProjects/seniorproject/client",
    "status": "resolved"
  },
  "74 debug pnpm:progress": {
    "packageId": "registry.npmjs.org/@types/cookie/0.4.1",
    "requester": "/mnt/c/Users/alexe/Documents/GitProjects/seniorproject/client",
    "status": "found_in_store"
  },
  "75 debug pnpm:progress": {
    "packageId": "registry.npmjs.org/@types/cookie/0.4.1",
    "requester": "/mnt/c/Users/alexe/Documents/GitProjects/seniorproject/client",
    "status": "resolved"
  },
  "76 debug pnpm:progress": {
    "packageId": "registry.npmjs.org/jsonwebtoken/8.5.1",
    "requester": "/mnt/c/Users/alexe/Documents/GitProjects/seniorproject/client",
    "status": "found_in_store"
  },
  "77 debug pnpm:progress": {
    "packageId": "registry.npmjs.org/jsonwebtoken/8.5.1",
    "requester": "/mnt/c/Users/alexe/Documents/GitProjects/seniorproject/client",
    "status": "resolved"
  },
  "78 debug pnpm:progress": {
    "packageId": "registry.npmjs.org/daisyui/2.13.4",
    "requester": "/mnt/c/Users/alexe/Documents/GitProjects/seniorproject/client",
    "status": "found_in_store"
  },
  "79 debug pnpm:progress": {
    "packageId": "registry.npmjs.org/daisyui/2.13.4",
    "requester": "/mnt/c/Users/alexe/Documents/GitProjects/seniorproject/client",
    "status": "resolved"
  },
  "80 debug pnpm:progress": {
    "packageId": "registry.npmjs.org/svelte-calendar/3.1.6",
    "requester": "/mnt/c/Users/alexe/Documents/GitProjects/seniorproject/client",
    "status": "found_in_store"
  },
  "81 warn pnpm:install-check": {
    "message": "Unsupported engine for registry.npmjs.org/@sveltejs/kit/1.0.0-next.345: wanted: {\"node\":\">=16.7\"} (current: {\"node\":\"v14.17.6\",\"pnpm\":\"6.32.3\"})",
    "prefix": "/mnt/c/Users/alexe/Documents/GitProjects/seniorproject/client"
  },
  "82 error pnpm": {
    "code": "ERR_PNPM_UNSUPPORTED_ENGINE",
    "packageId": "registry.npmjs.org/@sveltejs/kit/1.0.0-next.345",
    "wanted": {
      "node": ">=16.7"
    },
    "current": {
      "node": "v14.17.6",
      "pnpm": "6.32.3"
    },
    "pkgsStack": [],
    "err": {
      "name": "pnpm",
      "message": "Unsupported engine for registry.npmjs.org/@sveltejs/kit/1.0.0-next.345: wanted: {\"node\":\">=16.7\"} (current: {\"node\":\"v14.17.6\",\"pnpm\":\"6.32.3\"})",
      "code": "ERR_PNPM_UNSUPPORTED_ENGINE",
      "stack": "pnpm: Unsupported engine for registry.npmjs.org/@sveltejs/kit/1.0.0-next.345: wanted: {\"node\":\">=16.7\"} (current: {\"node\":\"v14.17.6\",\"pnpm\":\"6.32.3\"})\n    at checkEngine (/home/alex/.nvm/versions/node/v14.17.6/pnpm-global/5/node_modules/.pnpm/pnpm@6.32.3/node_modules/pnpm/dist/pnpm.cjs:41280:16)\n    at checkPackage (/home/alex/.nvm/versions/node/v14.17.6/pnpm-global/5/node_modules/.pnpm/pnpm@6.32.3/node_modules/pnpm/dist/pnpm.cjs:43376:104)\n    at packageIsInstallable (/home/alex/.nvm/versions/node/v14.17.6/pnpm-global/5/node_modules/.pnpm/pnpm@6.32.3/node_modules/pnpm/dist/pnpm.cjs:43346:20)\n    at resolveAndFetch (/home/alex/.nvm/versions/node/v14.17.6/pnpm-global/5/node_modules/.pnpm/pnpm@6.32.3/node_modules/pnpm/dist/pnpm.cjs:74507:117)\n    at processTicksAndRejections (internal/process/task_queues.js:95:5)\n    at async resolveDependency (/home/alex/.nvm/versions/node/v14.17.6/pnpm-global/5/node_modules/.pnpm/pnpm@6.32.3/node_modules/pnpm/dist/pnpm.cjs:116112:23)\n    at async resolveDependenciesOfDependency (/home/alex/.nvm/versions/node/v14.17.6/pnpm-global/5/node_modules/.pnpm/pnpm@6.32.3/node_modules/pnpm/dist/pnpm.cjs:115947:39)\n    at async Promise.all (index 2)\n    at async resolveDependencies (/home/alex/.nvm/versions/node/v14.17.6/pnpm-global/5/node_modules/.pnpm/pnpm@6.32.3/node_modules/pnpm/dist/pnpm.cjs:115914:29)\n    at async /home/alex/.nvm/versions/node/v14.17.6/pnpm-global/5/node_modules/.pnpm/pnpm@6.32.3/node_modules/pnpm/dist/pnpm.cjs:116433:47"
    }
  }
}